zbar-sample/build/intermediates/manifest_merge_blame_file/debug/manifest-merger-blame-debug-report.txt
1<?xml version="1.0" encoding="utf-8"?>
2<manifest xmlns:android="http://schemas.android.com/apk/res/android"
3    package="me.dm7.barcodescanner.zbar.sample"
4    android:versionCode="1913"
5    android:versionName="1.9.13" >
6
7    <uses-sdk
8        android:minSdkVersion="14"
8-->src/main/AndroidManifest.xml
9        android:targetSdkVersion="28" />
9-->src/main/AndroidManifest.xml
10
11    <uses-permission android:name="android.permission.CAMERA" />
11-->src/main/AndroidManifest.xml:4:3-63
11-->src/main/AndroidManifest.xml:4:20-60
12
13    <application
13-->src/main/AndroidManifest.xml:6:3-43:19
14        android:allowBackup="true"
14-->src/main/AndroidManifest.xml:6:16-42
15        android:appComponentFactory="android.support.v4.app.CoreComponentFactory"
15-->[com.android.support:support-compat:28.0.0] AndroidManifest.xml:22:18-91
16        android:debuggable="true"
17        android:icon="@drawable/ic_launcher"
17-->src/main/AndroidManifest.xml:8:9-45
18        android:label="@string/app_name"
18-->src/main/AndroidManifest.xml:7:9-41
19        android:testOnly="true" >
20        <activity
20-->src/main/AndroidManifest.xml:9:9-16:20
21            android:name="me.dm7.barcodescanner.zbar.sample.MainActivity"
21-->src/main/AndroidManifest.xml:9:19-47
22            android:label="@string/app_name"
22-->src/main/AndroidManifest.xml:11:19-51
23            android:theme="@style/AppTheme" >
23-->src/main/AndroidManifest.xml:10:19-50
24            <intent-filter>
24-->src/main/AndroidManifest.xml:12:13-15:29
25                <action android:name="android.intent.action.MAIN" />
25-->src/main/AndroidManifest.xml:13:17-69
25-->src/main/AndroidManifest.xml:13:25-66
26
27                <category android:name="android.intent.category.LAUNCHER" />
27-->src/main/AndroidManifest.xml:14:17-77
27-->src/main/AndroidManifest.xml:14:27-74
28            </intent-filter>
29        </activity>
30        <activity
30-->src/main/AndroidManifest.xml:18:9-24:20
31            android:name="me.dm7.barcodescanner.zbar.sample.FullScannerActivity"
31-->src/main/AndroidManifest.xml:18:19-54
32            android:label="@string/scanner_activity"
32-->src/main/AndroidManifest.xml:21:19-59
33            android:theme="@style/AppOverlayTheme"
33-->src/main/AndroidManifest.xml:19:19-57
34            android:uiOptions="splitActionBarWhenNarrow" >
34-->src/main/AndroidManifest.xml:20:19-63
35            <meta-data
35-->src/main/AndroidManifest.xml:22:13-23:67
36                android:name="android.support.UI_OPTIONS"
36-->src/main/AndroidManifest.xml:22:24-65
37                android:value="splitActionBarWhenNarrow" />
37-->src/main/AndroidManifest.xml:23:24-64
38        </activity>
39        <activity
39-->src/main/AndroidManifest.xml:26:9-32:20
40            android:name="me.dm7.barcodescanner.zbar.sample.FullScannerFragmentActivity"
40-->src/main/AndroidManifest.xml:26:19-62
41            android:label="@string/scanner_fragment_activity"
41-->src/main/AndroidManifest.xml:29:19-68
42            android:theme="@style/AppOverlayTheme"
42-->src/main/AndroidManifest.xml:27:19-57
43            android:uiOptions="splitActionBarWhenNarrow" >
43-->src/main/AndroidManifest.xml:28:19-63
44            <meta-data
44-->src/main/AndroidManifest.xml:22:13-23:67
45                android:name="android.support.UI_OPTIONS"
45-->src/main/AndroidManifest.xml:22:24-65
46                android:value="splitActionBarWhenNarrow" />
46-->src/main/AndroidManifest.xml:23:24-64
47        </activity>
48        <activity
48-->src/main/AndroidManifest.xml:34:9-37:20
49            android:name="me.dm7.barcodescanner.zbar.sample.SimpleScannerActivity"
49-->src/main/AndroidManifest.xml:34:19-56
50            android:label="@string/simple_scanner_activity"
50-->src/main/AndroidManifest.xml:36:17-64
51            android:theme="@style/AppOverlayTheme" >
51-->src/main/AndroidManifest.xml:35:17-55
52        </activity>
53        <activity
53-->src/main/AndroidManifest.xml:39:9-42:20
54            android:name="me.dm7.barcodescanner.zbar.sample.SimpleScannerFragmentActivity"
54-->src/main/AndroidManifest.xml:39:19-64
55            android:label="@string/simple_scanner_fragment_activity"
55-->src/main/AndroidManifest.xml:41:17-73
56            android:theme="@style/AppOverlayTheme" >
56-->src/main/AndroidManifest.xml:40:17-55
57        </activity>
58    </application>
59
60</manifest>